Log file created on Wed 02/26/2025 at 19:07:35.35 
=============================================  
STOPPING SERVICES 
============================================= 
Stopping Admin Server and Managed Instances 

Initializing WebLogic Scripting Tool (WLST) ...

Jython scans all the jar files it can find at first startup. Depending on the system, this process may take a few minutes to complete, and WLST may not return a prompt right away.

Welcome to WebLogic Server Administration Scripting Shell

Type help() for help on available commands

Connecting to Node Manager ...
<Feb 26, 2025 7:08:29 PM PST> <Info> <Security> <BEA-090905> <Disabling the CryptoJ JCE Provider self-integrity check for better startup performance. To enable this check, specify -Dweblogic.security.allowCryptoJDefaultJCEVerification=true.> 
<Feb 26, 2025 7:08:29 PM PST> <Info> <Security> <BEA-090906> <Changing the default Random Number Generator in RSA CryptoJ from ECDRBG128 to HMACDRBG. To disable this change, specify -Dweblogic.security.allowCryptoJDefaultPRNG=true.> 
<Feb 26, 2025 7:08:29 PM PST> <Info> <Security> <BEA-090909> <Using the configured custom SSL Hostname Verifier implementation: weblogic.security.utils.SSLWLSHostnameVerifier$NullHostnameVerifier.> 
Successfully Connected to Node Manager.
Killing server COBJDEWB15_PD920_html ...
Successfully killed server COBJDEWB15_PD920_html
Killing server BSSV_PD920 ...
Successfully killed server BSSV_PD920
Stopped Node Manager Process successfully


Exiting WebLogic Scripting Tool.

SUCCESS: Admin Server and Managed Instances Stopped 
Stopping Node Manager service 
The Oracle Weblogic base_domain NodeManager (D_Oracle_Middleware_Oracle_Home_wlserver) service is stopping.
The Oracle Weblogic base_domain NodeManager (D_Oracle_Middleware_Oracle_Home_wlserver) service was stopped successfully.

SUCCESS: Node Manager service Stopped 

SERVICE_NAME: Oracle Weblogic base_domain NodeManager (D_Oracle_Middleware_Oracle_Home_wlserver) 
        TYPE               : 10  WIN32_OWN_PROCESS  
        STATE              : 1  STOPPED 
        WIN32_EXIT_CODE    : 0  (0x0)
        SERVICE_EXIT_CODE  : 0  (0x0)
        CHECKPOINT         : 0x0
        WAIT_HINT          : 0x0
----------------------------------------------
Stopping Admin Server service 
ERROR: Stop Windows Services Script Ended in Error. Check the Log.   
